0 info it worked if it ends with ok
1 verbose cli [ '/Users/oak/n/bin/node',
1 verbose cli   '/Users/oak/n/bin/npm',
1 verbose cli   'run',
1 verbose cli   'test-dev' ]
2 info using npm@3.6.0
3 info using node@v5.6.0
4 verbose stack Error: missing script: test-dev
4 verbose stack     at run (/Users/oak/n/lib/node_modules/npm/lib/run-script.js:147:19)
4 verbose stack     at /Users/oak/n/lib/node_modules/npm/lib/run-script.js:57:5
4 verbose stack     at /Users/oak/n/lib/node_modules/npm/node_modules/read-package-json/read-json.js:345:5
4 verbose stack     at checkBinReferences_ (/Users/oak/n/lib/node_modules/npm/node_modules/read-package-json/read-json.js:309:45)
4 verbose stack     at final (/Users/oak/n/lib/node_modules/npm/node_modules/read-package-json/read-json.js:343:3)
4 verbose stack     at then (/Users/oak/n/lib/node_modules/npm/node_modules/read-package-json/read-json.js:113:5)
4 verbose stack     at /Users/oak/n/lib/node_modules/npm/node_modules/read-package-json/read-json.js:232:12
4 verbose stack     at /Users/oak/n/lib/node_modules/npm/node_modules/graceful-fs/graceful-fs.js:76:16
4 verbose stack     at tryToString (fs.js:414:3)
4 verbose stack     at FSReqWrap.readFileAfterClose [as oncomplete] (fs.js:401:12)
5 verbose cwd /Users/oak/Desktop/proj/KaraokeTube2
6 error Darwin 15.3.0
7 error argv "/Users/oak/n/bin/node" "/Users/oak/n/bin/npm" "run" "test-dev"
8 error node v5.6.0
9 error npm  v3.6.0
10 error missing script: test-dev
11 error If you need help, you may report this error at:
11 error     <https://github.com/npm/npm/issues>
12 verbose exit [ 1, true ]
